# Logfile created on 2016-09-30 12:54:40 +0530 by logger.rb/31641
 inside tag sel  Niranjan ---------------------
 inside tag sel  Management ---------------------
 inside tag sel  Niranjan ---------------------
 inside tag sel  Management ---------------------
 inside tag sel  Niranjan ---------------------
 inside tag sel  Management ---------------------
 inside tag sel  Niranjan ---------------------
 inside tag sel  Management ---------------------
 inside tag sel  Niranjan ---------------------
 inside tag sel  Management ---------------------
 inside tag sel  Niranjan ---------------------
 inside tag sel  Shopfloor ---------------------
 inside tag sel  Niranjan ---------------------
 inside tag sel  Machine Tools ---------------------
 inside tag sel  core ---------------------
 inside tag sel  Niranjan ---------------------
 inside tag sel  Management ---------------------
 inside tag sel  Niranjan ---------------------
 inside tag sel  Technology ---------------------
 inside tag sel  qa ---------------------
 inside tag sel  test tag1 ---------------------
 inside tag sel  the_machinist ---------------------
 inside tag sel  the_machinist ---------------------
 inside tag sel  the_machinist ---------------------
 inside tag sel  the_machinist ---------------------
 inside tag sel  the_machinist ---------------------
 inside tag sel  the_machinist ---------------------
 inside tag sel  the_machinist ---------------------
 inside tag sel  the_machinist ---------------------
 inside tag sel  home_articles ---------------------
 inside tag sel  the_machinist ---------------------
 inside tag sel  the_machinist ---------------------
 inside tag sel  the_machinist ---------------------
 inside tag sel  the_machinist ---------------------
 inside tag sel  the_machinist ---------------------
 inside tag sel  the_machinist ---------------------
 inside tag sel  News ---------------------
 inside tag sel  Interviews ---------------------
 inside tag sel  Events ---------------------
 inside tag sel  Editor ---------------------
 inside tag sel  Telecom ---------------------
 inside tag sel  Videos ---------------------
 inside tag sel  Interviews ---------------------
 inside tag sel  Digital Editions ---------------------
 inside tag sel  Guest  ---------------------
 inside tag sel  Telecom ---------------------
 inside tag sel  News ---------------------
 inside tag sel  News ---------------------
 inside tag sel  Whitepaper ---------------------
 inside tag sel  Whitepaper ---------------------
 inside tag sel  Technology ---------------------
 inside tag sel  Whitepaper ---------------------
 inside tag sel  Technology ---------------------
 inside tag sel  Entrepreneurs ---------------------
 inside tag sel  Entrepreneurs ---------------------
 inside tag sel  Videos ---------------------
 inside tag sel  the_machinist ---------------------
 inside tag sel  the_machinist ---------------------
 inside tag sel  the_machinist ---------------------
 inside tag sel  the_machinist ---------------------
 inside tag sel  core ---------------------
 inside tag sel  swapnil ---------------------
 inside tag sel  Case study ---------------------
 inside tag sel  swapnil ---------------------
 inside tag sel  Case study ---------------------
 inside tag sel  qa ---------------------
 inside tag sel  swapnil ---------------------
 inside tag sel  Case study ---------------------
 inside tag sel  Niranjan ---------------------
 inside tag sel  Management ---------------------
 inside tag sel  qa ---------------------
 inside tag sel  qa ---------------------
 inside tag sel  the_machinist ---------------------
 inside tag sel  the_machinist ---------------------
 inside tag sel  the_machinist ---------------------
 inside tag sel  the_machinist ---------------------
 inside tag sel  the_machinist ---------------------
 inside tag sel  swapnil ---------------------
 inside tag sel  Case study ---------------------
 inside tag sel  core ---------------------
 inside tag sel  Niranjan ---------------------
 inside tag sel  Market ---------------------
 inside tag sel  Niranjan ---------------------
 inside tag sel  Management ---------------------
 inside tag sel  Niranjan ---------------------
 inside tag sel  Management ---------------------
 inside tag sel  Niranjan ---------------------
 inside tag sel  Management ---------------------
 inside tag sel  Prabu ---------------------
 inside tag sel  qa ---------------------
 inside tag sel  qa ---------------------
 inside tag sel  the_machinist ---------------------
 inside tag sel  Prabu ---------------------
 inside tag sel  Prabu ---------------------
 inside tag sel  Prabu ---------------------
 inside tag sel  Prabu ---------------------
 inside tag sel  Prabu ---------------------
 inside tag sel  Prabu ---------------------
 inside tag sel  Niranjan ---------------------
 inside tag sel  Management ---------------------
 inside tag sel  qa ---------------------
 inside tag sel  qa ---------------------
 inside tag sel  qa ---------------------
 inside tag sel  Prabu ---------------------
 inside tag sel  Prabu ---------------------
 inside tag sel  Prabu ---------------------
 inside tag sel  Prabu ---------------------
 inside tag sel  qa ---------------------
 inside tag sel  Prabu ---------------------
 inside tag sel  Prabu ---------------------
 inside tag sel  Niranjan ---------------------
 inside tag sel  Management ---------------------
